d:\work\c++\client\client\debug\client.pch
d:\work\c++\client\client\debug\vc141.pdb
d:\work\c++\client\client\debug\vc141.idb
d:\work\c++\client\client\debug\stdafx.obj
d:\work\c++\client\client\debug\visitor_send.obj
d:\work\c++\client\client\debug\vector3d.obj
d:\work\c++\client\client\debug\vector2d.obj
d:\work\c++\client\client\debug\singletonsocket.obj
d:\work\c++\client\client\debug\shapegroup.obj
d:\work\c++\client\client\debug\shape.obj
d:\work\c++\client\client\debug\drawable.obj
d:\work\c++\client\client\debug\color.obj
d:\work\c++\client\client\debug\client.obj
d:\work\c++\client\client\debug\circle.obj
d:\work\c++\client\debug\client.exe
d:\work\c++\client\debug\client.ilk
d:\work\c++\client\debug\client.pdb
d:\work\c++\client\client\debug\client.tlog\cl.command.1.tlog
d:\work\c++\client\client\debug\client.tlog\cl.read.1.tlog
d:\work\c++\client\client\debug\client.tlog\cl.write.1.tlog
d:\work\c++\client\client\debug\client.tlog\link-cvtres.read.1.tlog
d:\work\c++\client\client\debug\client.tlog\link-cvtres.write.1.tlog
d:\work\c++\client\client\debug\client.tlog\link-rc.read.1.tlog
d:\work\c++\client\client\debug\client.tlog\link-rc.write.1.tlog
d:\work\c++\client\client\debug\client.tlog\link.command.1.tlog
d:\work\c++\client\client\debug\client.tlog\link.read.1.tlog
d:\work\c++\client\client\debug\client.tlog\link.write.1.tlog
